
22. Printing statistics.

=== wishbone_configuratorinator_00 ===

   Number of wires:                708
   Number of wire bits:            810
   Number of public wires:          88
   Number of public wire bits:     190
   Number of memories:               0
   Number of memory bits:            0
   Number of processes:              0
   Number of cells:                737
     sky130_fd_sc_hd__a211o_4       60
     sky130_fd_sc_hd__a21bo_4        8
     sky130_fd_sc_hd__a21boi_4       5
     sky130_fd_sc_hd__a21o_4        40
     sky130_fd_sc_hd__a21oi_4        5
     sky130_fd_sc_hd__a22oi_4        1
     sky130_fd_sc_hd__a2bb2o_4       4
     sky130_fd_sc_hd__a32o_4         4
     sky130_fd_sc_hd__a41o_4         4
     sky130_fd_sc_hd__a41oi_4        4
     sky130_fd_sc_hd__and2_4        90
     sky130_fd_sc_hd__and3_4        57
     sky130_fd_sc_hd__and4_4        14
     sky130_fd_sc_hd__buf_2        113
     sky130_fd_sc_hd__dfxtp_4      108
     sky130_fd_sc_hd__inv_2         22
     sky130_fd_sc_hd__nand2_4       17
     sky130_fd_sc_hd__nor2_4         2
     sky130_fd_sc_hd__nor3_4         2
     sky130_fd_sc_hd__nor4_4         1
     sky130_fd_sc_hd__o21a_4        27
     sky130_fd_sc_hd__o21ai_4        8
     sky130_fd_sc_hd__o22a_4        10
     sky130_fd_sc_hd__or2_4        101
     sky130_fd_sc_hd__or3_4         12
     sky130_fd_sc_hd__or4_4         18

   Chip area for module '\wishbone_configuratorinator_00': 9342.710400

